Log file open, 03/24/17 10:25:12
LogInit:Display: Running engine for game: AudioBlaster_01
LogPlatformFile: Not using cached read wrapper
LogInit:Display: RandInit(1886471914) SRandInit(1886471915).
LogTaskGraph: Started task graph with 5 named threads and 8 total threads with 1 sets of task threads.
LogStats: Stats thread started at 11.278949
LogPluginManager: Loaded Plugin Paper2D, From C:/Program Files/Epic Games/UE_4.14/Engine/Plugins/2D/Paper2D/Paper2D.uplugin
LogPluginManager: Loaded Plugin LightPropagationVolume, From C:/Program Files/Epic Games/UE_4.14/Engine/Plugins/Blendables/LightPropagationVolume/LightPropagationVolume.uplugin
LogPluginManager: Loaded Plugin BlankPlugin, From C:/Program Files/Epic Games/UE_4.14/Engine/Plugins/Developer/BlankPlugin/BlankPlugin.uplugin
LogPluginManager: Loaded Plugin CodeLiteSourceCodeAccess, From C:/Program Files/Epic Games/UE_4.14/Engine/Plugins/Developer/CodeLiteSourceCodeAccess/CodeLiteSourceCodeAccess.uplugin
LogPluginManager: Loaded Plugin GitSourceControl, From C:/Program Files/Epic Games/UE_4.14/Engine/Plugins/Developer/GitSourceControl/GitSourceControl.uplugin
LogPluginManager: Loaded Plugin KDevelopSourceCodeAccess, From C:/Program Files/Epic Games/UE_4.14/Engine/Plugins/Developer/KDevelopSourceCodeAccess/KDevelopSourceCodeAccess.uplugin
LogPluginManager: Loaded Plugin NullSourceCodeAccess, From C:/Program Files/Epic Games/UE_4.14/Engine/Plugins/Developer/NullSourceCodeAccess/NullSourceCodeAccess.uplugin
LogPluginManager: Loaded Plugin OneSkyLocalizationService, From C:/Program Files/Epic Games/UE_4.14/Engine/Plugins/Developer/OneSkyLocalizationService/OneSkyLocalizationService.uplugin
LogPluginManager: Loaded Plugin PerforceSourceControl, From C:/Program Files/Epic Games/UE_4.14/Engine/Plugins/Developer/PerforceSourceControl/PerforceSourceControl.uplugin
LogPluginManager: Loaded Plugin SubversionSourceControl, From C:/Program Files/Epic Games/UE_4.14/Engine/Plugins/Developer/SubversionSourceControl/SubversionSourceControl.uplugin
LogPluginManager: Loaded Plugin UObjectPlugin, From C:/Program Files/Epic Games/UE_4.14/Engine/Plugins/Developer/UObjectPlugin/UObjectPlugin.uplugin
LogPluginManager: Loaded Plugin VisualStudioSourceCodeAccess, From C:/Program Files/Epic Games/UE_4.14/Engine/Plugins/Developer/VisualStudioSourceCodeAccess/VisualStudioSourceCodeAccess.uplugin
LogPluginManager: Loaded Plugin XCodeSourceCodeAccess, From C:/Program Files/Epic Games/UE_4.14/Engine/Plugins/Developer/XCodeSourceCodeAccess/XCodeSourceCodeAccess.uplugin
LogPluginManager: Loaded Plugin AudioCapture, From C:/Program Files/Epic Games/UE_4.14/Engine/Plugins/Editor/AudioCapture/AudioCapture.uplugin
LogPluginManager: Loaded Plugin EpicSurvey, From C:/Program Files/Epic Games/UE_4.14/Engine/Plugins/Editor/EpicSurvey/EpicSurvey.uplugin
LogPluginManager: Loaded Plugin MacGraphicsSwitching, From C:/Program Files/Epic Games/UE_4.14/Engine/Plugins/Editor/MacGraphicsSwitching/MacGraphicsSwitching.uplugin
LogPluginManager: Loaded Plugin MobileLauncherProfileWizard, From C:/Program Files/Epic Games/UE_4.14/Engine/Plugins/Editor/MobileLauncherProfileWizard/MobileLauncherProfileWizard.uplugin
LogPluginManager: Loaded Plugin PluginBrowser, From C:/Program Files/Epic Games/UE_4.14/Engine/Plugins/Editor/PluginBrowser/PluginBrowser.uplugin
LogPluginManager: Loaded Plugin SpeedTreeImporter, From C:/Program Files/Epic Games/UE_4.14/Engine/Plugins/Editor/SpeedTreeImporter/SpeedTreeImporter.uplugin
LogPluginManager: Loaded Plugin SuperSearchEditor, From C:/Program Files/Epic Games/UE_4.14/Engine/Plugins/Editor/SuperSearchEditor/SuperSearchEditor.uplugin
LogPluginManager: Loaded Plugin AlembicImporter, From C:/Program Files/Epic Games/UE_4.14/Engine/Plugins/Experimental/AlembicImporter/AlembicImporter.uplugin
LogPluginManager: Loaded Plugin BlueprintStats, From C:/Program Files/Epic Games/UE_4.14/Engine/Plugins/Experimental/BlueprintStats/BlueprintStats.uplugin
LogPluginManager: Loaded Plugin CharacterAI, From C:/Program Files/Epic Games/UE_4.14/Engine/Plugins/Experimental/CharacterAI/CharacterAI.uplugin
LogPluginManager: Loaded Plugin CodeEditor, From C:/Program Files/Epic Games/UE_4.14/Engine/Plugins/Experimental/CodeEditor/CodeEditor.uplugin
LogPluginManager: Loaded Plugin CodeView, From C:/Program Files/Epic Games/UE_4.14/Engine/Plugins/Experimental/CodeView/CodeView.uplugin
LogPluginManager: Loaded Plugin HTML5Networking, From C:/Program Files/Epic Games/UE_4.14/Engine/Plugins/Experimental/HTML5Networking/HTML5Networking.uplugin
LogPluginManager: Loaded Plugin OSVR, From C:/Program Files/Epic Games/UE_4.14/Engine/Plugins/Experimental/OSVR/OSVR.uplugin
LogPluginManager: Loaded Plugin Phya, From C:/Program Files/Epic Games/UE_4.14/Engine/Plugins/Experimental/Phya/Phya.uplugin
LogPluginManager: Loaded Plugin SignificanceManager, From C:/Program Files/Epic Games/UE_4.14/Engine/Plugins/Experimental/SignificanceManager/SignificanceManager.uplugin
LogPluginManager: Loaded Plugin SimpleHMD, From C:/Program Files/Epic Games/UE_4.14/Engine/Plugins/Experimental/SimpleHMD/SimpleHMD.uplugin
LogPluginManager: Loaded Plugin StereoPanorama, From C:/Program Files/Epic Games/UE_4.14/Engine/Plugins/Experimental/StereoPanorama/StereoPanorama.uplugin
LogPluginManager: Loaded Plugin StructBox, From C:/Program Files/Epic Games/UE_4.14/Engine/Plugins/Experimental/StructBox/StructBox.uplugin
LogPluginManager: Loaded Plugin AndroidMedia, From C:/Program Files/Epic Games/UE_4.14/Engine/Plugins/Media/AndroidMedia/AndroidMedia.uplugin
LogPluginManager: Loaded Plugin AvfMedia, From C:/Program Files/Epic Games/UE_4.14/Engine/Plugins/Media/AvfMedia/AvfMedia.uplugin
LogPluginManager: Loaded Plugin MediaPlayerEditor, From C:/Program Files/Epic Games/UE_4.14/Engine/Plugins/Media/MediaPlayerEditor/MediaPlayerEditor.uplugin
LogPluginManager: Loaded Plugin WmfMedia, From C:/Program Files/Epic Games/UE_4.14/Engine/Plugins/Media/WmfMedia/WmfMedia.uplugin
LogPluginManager: Loaded Plugin MessagingDebugger, From C:/Program Files/Epic Games/UE_4.14/Engine/Plugins/Messaging/MessagingDebugger/MessagingDebugger.uplugin
LogPluginManager: Loaded Plugin TcpMessaging, From C:/Program Files/Epic Games/UE_4.14/Engine/Plugins/Messaging/TcpMessaging/TcpMessaging.uplugin
LogPluginManager: Loaded Plugin UdpMessaging, From C:/Program Files/Epic Games/UE_4.14/Engine/Plugins/Messaging/UdpMessaging/UdpMessaging.uplugin
LogPluginManager: Loaded Plugin LevelSequenceEditor, From C:/Program Files/Epic Games/UE_4.14/Engine/Plugins/MovieScene/LevelSequenceEditor/LevelSequenceEditor.uplugin
LogPluginManager: Loaded Plugin MatineeToLevelSequence, From C:/Program Files/Epic Games/UE_4.14/Engine/Plugins/MovieScene/MatineeToLevelSequence/MatineeToLevelSequence.uplugin
LogPluginManager: Loaded Plugin NetcodeUnitTest, From C:/Program Files/Epic Games/UE_4.14/Engine/Plugins/NetcodeUnitTest/NetcodeUnitTest/NetcodeUnitTest.uplugin
LogPluginManager: Loaded Plugin NUTUnrealEngine4, From C:/Program Files/Epic Games/UE_4.14/Engine/Plugins/NetcodeUnitTest/NUTUnrealEngine4/NUTUnrealEngine4.uplugin
LogPluginManager: Loaded Plugin OnlineSubsystemGameCircle, From C:/Program Files/Epic Games/UE_4.14/Engine/Plugins/Online/Android/OnlineSubsystemGameCircle/OnlineSubsystemGameCircle.uplugin
LogPluginManager: Loaded Plugin OnlineSubsystemGooglePlay, From C:/Program Files/Epic Games/UE_4.14/Engine/Plugins/Online/Android/OnlineSubsystemGooglePlay/OnlineSubsystemGooglePlay.uplugin
LogPluginManager: Loaded Plugin OnlineSubsystemIOS, From C:/Program Files/Epic Games/UE_4.14/Engine/Plugins/Online/IOS/OnlineSubsystemIOS/OnlineSubsystemIOS.uplugin
LogPluginManager: Loaded Plugin OnlineFramework, From C:/Program Files/Epic Games/UE_4.14/Engine/Plugins/Online/OnlineFramework/OnlineFramework.uplugin
LogPluginManager: Loaded Plugin OnlineSubsystem, From C:/Program Files/Epic Games/UE_4.14/Engine/Plugins/Online/OnlineSubsystem/OnlineSubsystem.uplugin
LogPluginManager: Loaded Plugin OnlineSubsystemAmazon, From C:/Program Files/Epic Games/UE_4.14/Engine/Plugins/Online/OnlineSubsystemAmazon/OnlineSubsystemAmazon.uplugin
LogPluginManager: Loaded Plugin OnlineSubsystemFacebook, From C:/Program Files/Epic Games/UE_4.14/Engine/Plugins/Online/OnlineSubsystemFacebook/OnlineSubsystemFacebook.uplugin
LogPluginManager: Loaded Plugin OnlineSubsystemNull, From C:/Program Files/Epic Games/UE_4.14/Engine/Plugins/Online/OnlineSubsystemNull/OnlineSubsystemNull.uplugin
LogPluginManager: Loaded Plugin OnlineSubsystemOculus, From C:/Program Files/Epic Games/UE_4.14/Engine/Plugins/Online/OnlineSubsystemOculus/OnlineSubsystemOculus.uplugin
LogPluginManager: Loaded Plugin OnlineSubsystemSteam, From C:/Program Files/Epic Games/UE_4.14/Engine/Plugins/Online/OnlineSubsystemSteam/OnlineSubsystemSteam.uplugin
LogPluginManager: Loaded Plugin OnlineSubsystemUtils, From C:/Program Files/Epic Games/UE_4.14/Engine/Plugins/Online/OnlineSubsystemUtils/OnlineSubsystemUtils.uplugin
LogPluginManager: Loaded Plugin IOSTapJoy, From C:/Program Files/Epic Games/UE_4.14/Engine/Plugins/Runtime/Advertising/IOSTapJoy/IOSTapJoy.uplugin
LogPluginManager: Loaded Plugin AnalyticsBlueprintLibrary, From C:/Program Files/Epic Games/UE_4.14/Engine/Plugins/Runtime/Analytics/AnalyticsBlueprintLibrary/AnalyticsBlueprintLibrary.uplugin
LogPluginManager: Loaded Plugin AnalyticsMulticast, From C:/Program Files/Epic Games/UE_4.14/Engine/Plugins/Runtime/Analytics/AnalyticsMulticast/AnalyticsMulticast.uplugin
LogPluginManager: Loaded Plugin Apsalar, From C:/Program Files/Epic Games/UE_4.14/Engine/Plugins/Runtime/Analytics/Apsalar/Apsalar.uplugin
LogPluginManager: Loaded Plugin FileLogging, From C:/Program Files/Epic Games/UE_4.14/Engine/Plugins/Runtime/Analytics/FileLogging/FileLogging.uplugin
LogPluginManager: Loaded Plugin Flurry, From C:/Program Files/Epic Games/UE_4.14/Engine/Plugins/Runtime/Analytics/Flurry/Flurry.uplugin
LogPluginManager: Loaded Plugin AndroidDeviceProfileSelector, From C:/Program Files/Epic Games/UE_4.14/Engine/Plugins/Runtime/AndroidDeviceProfileSelector/AndroidDeviceProfileSelector.uplugin
LogPluginManager: Loaded Plugin AndroidMoviePlayer, From C:/Program Files/Epic Games/UE_4.14/Engine/Plugins/Runtime/AndroidMoviePlayer/AndroidMoviePlayer.uplugin
LogPluginManager: Loaded Plugin AppleMoviePlayer, From C:/Program Files/Epic Games/UE_4.14/Engine/Plugins/Runtime/AppleMoviePlayer/AppleMoviePlayer.uplugin
LogPluginManager: Loaded Plugin ArchVisCharacter, From C:/Program Files/Epic Games/UE_4.14/Engine/Plugins/Runtime/ArchVisCharacter/ArchVisCharacter.uplugin
LogPluginManager: Loaded Plugin CableComponent, From C:/Program Files/Epic Games/UE_4.14/Engine/Plugins/Runtime/CableComponent/CableComponent.uplugin
LogPluginManager: Loaded Plugin CustomMeshComponent, From C:/Program Files/Epic Games/UE_4.14/Engine/Plugins/Runtime/CustomMeshComponent/CustomMeshComponent.uplugin
LogPluginManager: Loaded Plugin ExampleDeviceProfileSelector, From C:/Program Files/Epic Games/UE_4.14/Engine/Plugins/Runtime/ExampleDeviceProfileSelector/ExampleDeviceProfileSelector.uplugin
LogPluginManager: Loaded Plugin GearVR, From C:/Program Files/Epic Games/UE_4.14/Engine/Plugins/Runtime/GearVR/GearVR.uplugin
LogPluginManager: Loaded Plugin GoogleVRController, From C:/Program Files/Epic Games/UE_4.14/Engine/Plugins/Runtime/GoogleVR/GoogleVRController/GoogleVRController.uplugin
LogPluginManager: Loaded Plugin GoogleVRHMD, From C:/Program Files/Epic Games/UE_4.14/Engine/Plugins/Runtime/GoogleVR/GoogleVRHMD/GoogleVRHMD.uplugin
LogPluginManager: Loaded Plugin IOSDeviceProfileSelector, From C:/Program Files/Epic Games/UE_4.14/Engine/Plugins/Runtime/IOSDeviceProfileSelector/IOSDeviceProfileSelector.uplugin
LogPluginManager: Loaded Plugin LeapMotion, From C:/Program Files/Epic Games/UE_4.14/Engine/Plugins/Runtime/LeapMotion/LeapMotion.uplugin
LogPluginManager: Loaded Plugin LinuxDeviceProfileSelector, From C:/Program Files/Epic Games/UE_4.14/Engine/Plugins/Runtime/LinuxDeviceProfileSelector/LinuxDeviceProfileSelector.uplugin
LogPluginManager: Loaded Plugin MIDIDevice, From C:/Program Files/Epic Games/UE_4.14/Engine/Plugins/Runtime/MIDIDevice/MIDIDevice.uplugin
LogPluginManager: Loaded Plugin MobilePatchingUtils, From C:/Program Files/Epic Games/UE_4.14/Engine/Plugins/Runtime/MobilePatchingUtils/MobilePatchingUtils.uplugin
LogPluginManager: Loaded Plugin Ansel, From C:/Program Files/Epic Games/UE_4.14/Engine/Plugins/Runtime/Nvidia/Ansel/Ansel.uplugin
LogPluginManager: Loaded Plugin OculusAudio, From C:/Program Files/Epic Games/UE_4.14/Engine/Plugins/Runtime/OculusAudio/OculusAudio.uplugin
LogPluginManager: Loaded Plugin OculusInput, From C:/Program Files/Epic Games/UE_4.14/Engine/Plugins/Runtime/OculusInput/OculusInput.uplugin
LogPluginManager: Loaded Plugin OculusLibrary, From C:/Program Files/Epic Games/UE_4.14/Engine/Plugins/Runtime/OculusLibrary/OculusLibrary.uplugin
LogPluginManager: Loaded Plugin OculusRift, From C:/Program Files/Epic Games/UE_4.14/Engine/Plugins/Runtime/OculusRift/OculusRift.uplugin
LogPluginManager: Loaded Plugin Oodle, From C:/Program Files/Epic Games/UE_4.14/Engine/Plugins/Runtime/PacketHandlers/CompressionComponents/Oodle/Oodle.uplugin
LogPluginManager: Loaded Plugin ProceduralMeshComponent, From C:/Program Files/Epic Games/UE_4.14/Engine/Plugins/Runtime/ProceduralMeshComponent/ProceduralMeshComponent.uplugin
LogPluginManager: Loaded Plugin SoundMod, From C:/Program Files/Epic Games/UE_4.14/Engine/Plugins/Runtime/SoundMod/SoundMod.uplugin
LogPluginManager: Loaded Plugin SoundVisualizations, From C:/Program Files/Epic Games/UE_4.14/Engine/Plugins/Runtime/SoundVisualizations/SoundVisualizations.uplugin
LogPluginManager: Loaded Plugin SteamController, From C:/Program Files/Epic Games/UE_4.14/Engine/Plugins/Runtime/Steam/SteamController/SteamController.uplugin
LogPluginManager: Loaded Plugin SteamVR, From C:/Program Files/Epic Games/UE_4.14/Engine/Plugins/Runtime/Steam/SteamVR/SteamVR.uplugin
LogPluginManager: Loaded Plugin WebBrowserWidget, From C:/Program Files/Epic Games/UE_4.14/Engine/Plugins/Runtime/WebBrowserWidget/WebBrowserWidget.uplugin
LogPluginManager: Loaded Plugin WindowsDeviceProfileSelector, From C:/Program Files/Epic Games/UE_4.14/Engine/Plugins/Runtime/WindowsDeviceProfileSelector/WindowsDeviceProfileSelector.uplugin
LogPluginManager: Loaded Plugin WindowsMoviePlayer, From C:/Program Files/Epic Games/UE_4.14/Engine/Plugins/Runtime/WindowsMoviePlayer/WindowsMoviePlayer.uplugin
LogPluginManager: Loaded Plugin ScriptPlugin, From C:/Program Files/Epic Games/UE_4.14/Engine/Plugins/ScriptPlugin/ScriptPlugin.uplugin
LogPluginManager: Loaded Plugin SlateRemote, From C:/Program Files/Epic Games/UE_4.14/Engine/Plugins/Slate/SlateRemote/SlateRemote.uplugin
LogPluginManager: Loaded Plugin EditorTests, From C:/Program Files/Epic Games/UE_4.14/Engine/Plugins/Tests/EditorTests/EditorTests.uplugin
LogPluginManager: Loaded Plugin FbxAutomationTestBuilder, From C:/Program Files/Epic Games/UE_4.14/Engine/Plugins/Tests/FbxAutomationTestBuilder/FbxAutomationTestBuilder.uplugin
LogPluginManager: Loaded Plugin FunctionalTestingEditor, From C:/Program Files/Epic Games/UE_4.14/Engine/Plugins/Tests/FunctionalTestingEditor/FunctionalTestingEditor.uplugin
LogPluginManager: Loaded Plugin RuntimeTests, From C:/Program Files/Epic Games/UE_4.14/Engine/Plugins/Tests/RuntimeTests/RuntimeTests.uplugin
LogPluginManager: Loaded Plugin ScreenshotTools, From C:/Program Files/Epic Games/UE_4.14/Engine/Plugins/Tests/ScreenshotTools/ScreenshotTools.uplugin
LogPluginManager: Loaded Plugin HydraPlugin, From C:/Users/gk7579/Documents/Unreal Projects/AudioBlaster/Plugins/hydra-ue4/HydraPlugin.uplugin
LogInit: Using libcurl 7.47.1
LogInit:  - built for x86_64-pc-win32
LogInit:  - supports SSL with OpenSSL/1.0.2g
LogInit:  - supports HTTP deflate (compression) using libz 1.2.8
LogInit:  - other features:
LogInit:      CURL_VERSION_SSL
LogInit:      CURL_VERSION_LIBZ
LogInit:      CURL_VERSION_IPV6
LogInit:      CURL_VERSION_ASYNCHDNS
LogInit:      CURL_VERSION_LARGEFILE
LogInit:      CURL_VERSION_IDN
LogInit:  CurlRequestOptions (configurable via config and command line):
LogInit:  - bVerifyPeer = false  - Libcurl will NOT verify peer certificate
LogInit:  - bUseHttpProxy = false  - Libcurl will NOT use HTTP proxy
LogInit:  - bDontReuseConnections = false  - Libcurl will reuse connections
LogInit:  - CertBundlePath = nullptr  - Libcurl will use whatever was configured at build time.
LogInit: Build: ++UE4+Release-4.14-CL-3249277
LogInit: Engine Version: 4.14.3-3249277+++UE4+Release-4.14
LogInit: Compatible Engine Version: 4.14.0-3195953+++UE4+Release-4.14
LogInit: Net CL: 3195953
LogDevObjectVersion: Number of dev versions registered: 13
LogDevObjectVersion:   Dev-Blueprints (B0D832E4-1F89-4F0D-ACCF-7EB736FD4AA2): 7
LogDevObjectVersion:   Dev-Build (E1C64328-A22C-4D53-A36C-8E866417BD8C): 0
LogDevObjectVersion:   Dev-Core (375EC13C-06E4-48FB-B500-84F0262A717E): 1
LogDevObjectVersion:   Dev-Editor (E4B068ED-F494-42E9-A231-DA0B2E46BB41): 8
LogDevObjectVersion:   Dev-Framework (CFFC743F-43B0-4480-9391-14DF171D2073): 17
LogDevObjectVersion:   Dev-Mobile (B02B49B5-BB20-44E9-A304-32B752E40360): 0
LogDevObjectVersion:   Dev-Networking (A4E4105C-59A1-49B5-A7C5-40C4547EDFEE): 0
LogDevObjectVersion:   Dev-Online (39C831C9-5AE6-47DC-9A44-9C173E1C8E7C): 0
LogDevObjectVersion:   Dev-Physics (78F01B33-EBEA-4F98-B9B4-84EACCB95AA2): 0
LogDevObjectVersion:   Dev-Platform (6631380F-2D4D-43E0-8009-CF276956A95A): 0
LogDevObjectVersion:   Dev-Rendering (12F88B9F-8875-4AFC-A67C-D90C383ABD29): 12
LogDevObjectVersion:   Dev-Sequencer (7B5AE74C-D270-4C10-A958-57980B212A5A): 1
LogDevObjectVersion:   Dev-VR (D7296918-1DD6-4BDD-9DE2-64A83CC13884): 0
LogInit: Compiled (64-bit): Jan  6 2017 10:49:43
LogInit: Compiled with Visual C++: 19.00.23026.00
LogInit: Build Configuration: Development
LogInit: Branch Name: ++UE4+Release-4.14
LogInit: Command line:  
LogInit: Base directory: C:/Program Files/Epic Games/UE_4.14/Engine/Binaries/Win64/
LogInit: Installed Engine Build: 1
LogInit: Presizing for max 8388607 objects, including 0 objects not considered by GC, pre-allocating 0 bytes for permanent pool.
LogInit: Object subsystem initialized
[2017.03.24-14.25.15:150][  0]LogInit: Selected Device Profile: [Windows]
[2017.03.24-14.25.15:150][  0]LogInit: Applying CVar settings loaded from the selected device profile: [Windows]
[2017.03.24-14.25.15:335][  0]LogInit: Computer: 00ELQ9E
[2017.03.24-14.25.15:335][  0]LogInit: User: gk7579
[2017.03.24-14.25.15:335][  0]LogInit: CPU Page size=65536, Cores=4
[2017.03.24-14.25.15:335][  0]LogInit: High frequency timer resolution =3.515631 MHz
[2017.03.24-14.25.15:390][  0]LogMemory: Memory total: Physical=15.9GB (16GB approx)
[2017.03.24-14.25.15:577][  0]LogMemory: Platform Memory Stats for Windows
[2017.03.24-14.25.15:577][  0]LogMemory: Process Physical Memory: 264.78 MB used, 264.78 MB peak
[2017.03.24-14.25.15:577][  0]LogMemory: Process Virtual Memory: 262.82 MB used, 262.82 MB peak
[2017.03.24-14.25.15:577][  0]LogMemory: Physical Memory: 10244.46 MB used,  6044.75 MB free, 16289.21 MB total
[2017.03.24-14.25.15:577][  0]LogMemory: Virtual Memory: 677.03 MB used,  6044.75 MB free, 134217728.00 MB total
[2017.03.24-14.25.18:251][  0]LogTextLocalizationManager: No specific translations for ('en-US') exist, so ('en') translations will be used.
[2017.03.24-14.25.21:954][  0]LogD3D11RHI: D3D11 adapters:
[2017.03.24-14.25.22:226][  0]LogD3D11RHI:    0. 'NVIDIA GeForce GTX 1060 6GB' (Feature Level 11_0)
[2017.03.24-14.25.22:226][  0]LogD3D11RHI:       6084/0/8144 MB DedicatedVideo/DedicatedSystem/SharedSystem, Outputs:2, VendorId:0x10de
[2017.03.24-14.25.22:417][  0]LogD3D11RHI:    1. 'Intel(R) HD Graphics 630' (Feature Level 11_0)
[2017.03.24-14.25.22:418][  0]LogD3D11RHI:       128/0/8144 MB DedicatedVideo/DedicatedSystem/SharedSystem, Outputs:0, VendorId:0x8086
[2017.03.24-14.25.22:470][  0]LogD3D11RHI:    2. 'Microsoft Basic Render Driver' (Feature Level 11_0)
[2017.03.24-14.25.22:470][  0]LogD3D11RHI:       0/0/8144 MB DedicatedVideo/DedicatedSystem/SharedSystem, Outputs:0, VendorId:0x1414
[2017.03.24-14.25.22:470][  0]LogD3D11RHI: Chosen D3D11 Adapter: 0
[2017.03.24-14.25.22:525][  0]LogD3D11RHI: Creating new Direct3DDevice
[2017.03.24-14.25.22:525][  0]LogD3D11RHI:     GPU DeviceId: 0x1c03 (for the marketing name, search the web for "GPU Device Id")
[2017.03.24-14.25.22:525][  0]LogWindows: EnumDisplayDevices:
[2017.03.24-14.25.22:525][  0]LogWindows:    0. 'NVIDIA GeForce GTX 1060 6GB' (P:1 D:1)
[2017.03.24-14.25.22:526][  0]LogWindows:    1. 'NVIDIA GeForce GTX 1060 6GB' (P:0 D:1)
[2017.03.24-14.25.22:526][  0]LogWindows:    2. 'NVIDIA GeForce GTX 1060 6GB' (P:0 D:0)
[2017.03.24-14.25.22:526][  0]LogWindows:    3. 'NVIDIA GeForce GTX 1060 6GB' (P:0 D:0)
[2017.03.24-14.25.22:526][  0]LogWindows:    4. 'Intel(R) HD Graphics 630' (P:0 D:0)
[2017.03.24-14.25.22:527][  0]LogWindows:    5. 'Intel(R) HD Graphics 630' (P:0 D:0)
[2017.03.24-14.25.22:527][  0]LogWindows:    6. 'Intel(R) HD Graphics 630' (P:0 D:0)
[2017.03.24-14.25.22:527][  0]LogWindows: DebugString: PrimaryIsNotTheChoosenAdapter PrimaryIsNotTheChoosenAdapter PrimaryIsNotTheChoosenAdapter FoundDriverCount:4 
[2017.03.24-14.25.22:527][  0]LogD3D11RHI:     Adapter Name: NVIDIA GeForce GTX 1060 6GB
[2017.03.24-14.25.22:528][  0]LogD3D11RHI:   Driver Version: 378.66 (internal:21.21.13.7866, unified:378.66)
[2017.03.24-14.25.22:528][  0]LogD3D11RHI:      Driver Date: 2-9-2017
[2017.03.24-14.25.22:528][  0]LogRHI: Texture pool is 1361 MB (70% of 1945 MB)
[2017.03.24-14.25.22:718][  0]LogD3D11RHI: Async texture creation enabled
[2017.03.24-14.25.25:287][  0]LogD3D11RHI: GPU Timing Frequency: 1000.000000 (Debug: 2 5)
[2017.03.24-14.25.25:769][  0]LogShaderCompilers: Guid format shader working directory is -23 characters bigger than the processId version (../../../../../../Users/gk7579/Documents/Unreal Projects/AudioBlaster/Intermediate/Shaders/WorkingDirectory/19368/).
[2017.03.24-14.25.25:769][  0]LogShaderCompilers: Cleaned the shader compiler working directory 'C:/Users/gk7579/AppData/Local/Temp/UnrealShaderWorkingDir/EECFC71C44EDE16A286F51BBF30316E6/'.
[2017.03.24-14.25.25:855][  0]LogShaderCompilers:Display: Using Local Shader Compiler.
[2017.03.24-14.25.36:910][  0]LogTemp:Display: Loaded TP AllDesktopTargetPlatform
[2017.03.24-14.25.36:955][  0]LogTemp:Display: Loaded TP MacClientTargetPlatform
[2017.03.24-14.25.36:999][  0]LogTemp:Display: Loaded TP MacNoEditorTargetPlatform
[2017.03.24-14.25.37:043][  0]LogTemp:Display: Loaded TP MacServerTargetPlatform
[2017.03.24-14.25.37:133][  0]LogTemp:Display: Loaded TP MacTargetPlatform
[2017.03.24-14.25.37:176][  0]LogTemp:Display: Loaded TP WindowsClientTargetPlatform
[2017.03.24-14.25.37:220][  0]LogTemp:Display: Loaded TP WindowsNoEditorTargetPlatform
[2017.03.24-14.25.37:269][  0]LogTemp:Display: Loaded TP WindowsServerTargetPlatform
[2017.03.24-14.25.37:307][  0]LogTemp:Display: Loaded TP WindowsTargetPlatform
[2017.03.24-14.25.37:384][  0]LogTemp:Display: Loaded TP AndroidTargetPlatform
[2017.03.24-14.25.37:431][  0]LogTemp:Display: Loaded TP Android_ASTCTargetPlatform
[2017.03.24-14.25.37:481][  0]LogTemp:Display: Loaded TP Android_ATCTargetPlatform
[2017.03.24-14.25.37:542][  0]LogTemp:Display: Loaded TP Android_DXTTargetPlatform
[2017.03.24-14.25.37:620][  0]LogTemp:Display: Loaded TP Android_ETC1TargetPlatform
[2017.03.24-14.25.37:696][  0]LogTemp:Display: Loaded TP Android_ETC2TargetPlatform
[2017.03.24-14.25.37:831][  0]LogTemp:Display: Loaded TP Android_MultiTargetPlatform
[2017.03.24-14.25.37:831][  0]LogTemp:Display: Loaded TP Android_PVRTCTargetPlatform
[2017.03.24-14.25.37:862][  0]LogTemp:Display: Loaded TP HTML5TargetPlatform
[2017.03.24-14.25.37:995][  0]LogTemp:Display: Loaded TP IOSTargetPlatform
[2017.03.24-14.25.38:023][  0]LogTemp:Display: Loaded TP TVOSTargetPlatform
[2017.03.24-14.25.38:065][  0]LogTemp:Display: Loaded TP LinuxClientTargetPlatform
[2017.03.24-14.25.38:110][  0]LogTemp:Display: Loaded TP LinuxNoEditorTargetPlatform
[2017.03.24-14.25.38:153][  0]LogTemp:Display: Loaded TP LinuxServerTargetPlatform
[2017.03.24-14.25.38:206][  0]LogTemp:Display: Loaded TP LinuxTargetPlatform
[2017.03.24-14.25.38:206][  0]LogTargetPlatformManager:Display: Building Assets For Windows
[2017.03.24-14.25.39:354][  0]LogDerivedDataCache:Display: Max Cache Size: 512 MB
[2017.03.24-14.25.39:733][  0]LogDerivedDataCache: Loaded boot cache 0.35s 61MB C:/Users/gk7579/AppData/Local/UnrealEngine/4.14/DerivedDataCache/Boot.ddc.
[2017.03.24-14.25.39:733][  0]LogDerivedDataCache:Display: Loaded Boot cache: C:/Users/gk7579/AppData/Local/UnrealEngine/4.14/DerivedDataCache/Boot.ddc
[2017.03.24-14.25.39:733][  0]LogDerivedDataCache: FDerivedDataBackendGraph:  Pak pak cache file ../../../../../../Users/gk7579/Documents/Unreal Projects/AudioBlaster/DerivedDataCache/DDC.ddp not found, will not use a pak cache.
[2017.03.24-14.25.39:733][  0]LogDerivedDataCache: Unable to find inner node Pak for hierarchical cache Hierarchy.
[2017.03.24-14.25.39:733][  0]LogDerivedDataCache: FDerivedDataBackendGraph:  CompressedPak pak cache file ../../../../../../Users/gk7579/Documents/Unreal Projects/AudioBlaster/DerivedDataCache/Compressed.ddp not found, will not use a pak cache.
[2017.03.24-14.25.39:733][  0]LogDerivedDataCache: Unable to find inner node CompressedPak for hierarchical cache Hierarchy.
[2017.03.24-14.25.39:786][  0]LogDerivedDataCache:Display: Pak cache opened for reading ../../../Engine/DerivedDataCache/Compressed.ddp.
[2017.03.24-14.25.39:824][  0]LogDerivedDataCache: Using Local data cache path C:/Users/gk7579/AppData/Local/UnrealEngine/Common/DerivedDataCache: Writable
[2017.03.24-14.25.54:011][  0]LogInit: Selected Device Profile: [Windows]
[2017.03.24-14.25.54:701][  0]LogContentStreaming: Texture pool size is 0.00 MB
[2017.03.24-14.25.55:833][  0]LogMeshUtilities: Using QuadricMeshReduction for automatic static mesh reduction
[2017.03.24-14.25.55:960][  0]LogSimplygon: Simplygon DLL not present - disabling.
[2017.03.24-14.25.56:033][  0]LogMeshUtilities: Using SimplygonSwarm for distributed automatic mesh merging
[2017.03.24-14.25.56:033][  0]LogMeshUtilities: No automatic skeletal mesh reduction module available
[2017.03.24-14.25.56:033][  0]LogMeshUtilities: No automatic mesh merging module available
[2017.03.24-14.26.06:987][  0]LogNetVersion: GetLocalNetworkVersion: CL: 3195953, ProjectName: audioblaster_01, ProjectVersion: , EngineNetworkVersion: 2, GameNetworkVersion: 0, NetworkChecksum: 2831578973
[2017.03.24-14.26.07:385][  0]LogAssetRegistry: FAssetRegistry took 0.0382 seconds to start up
[2017.03.24-14.26.07:798][  0]LogPackageLocalizationCache: Processed 3 localized package path(s) for 2 prioritized culture(s) in 0.340525 seconds
[2017.03.24-14.26.07:831][  0]LogUObjectArray: 32009 objects as part of root set at end of initial load.
[2017.03.24-14.26.07:831][  0]LogUObjectAllocator: 6946664 out of 0 bytes used by permanent object pool.
[2017.03.24-14.26.07:831][  0]LogUObjectArray: CloseDisregardForGC: 0/0 objects in disregard for GC pool
[2017.03.24-14.26.07:997][  0]LogInit: WinSock: version 1.1 (2.2), MaxSocks=32767, MaxUdp=65467
[2017.03.24-14.26.13:121][  0]LogSlate: Using Freetype 2.6.0
[2017.03.24-14.26.13:576][  0]LogSlate: SlateFontCache - WITH_FREETYPE: 1, WITH_HARFBUZZ: 1
[2017.03.24-14.26.13:576][  0]LogSlate: SlateFontCache - WITH_FREETYPE: 1, WITH_HARFBUZZ: 1
[2017.03.24-14.26.39:905][  0]LogTcpMessaging: Initializing TcpMessaging bridge
[2017.03.24-14.26.39:973][  0]LogUdpMessaging: Initializing bridge on interface 0.0.0.0:0 to multicast group 230.0.0.1:6666.
[2017.03.24-14.26.41:315][  0]LogMaterial: Uniform references updated for custom material expression Custom.
[2017.03.24-14.26.42:514][  0]SourceControl: Info Source control is disabled
[2017.03.24-14.26.43:088][  0]SourceControl: Info Source control is disabled
[2017.03.24-14.26.43:234][  0]SourceControl: Info Source control is disabled
[2017.03.24-14.26.43:311][  0]SourceControl: Info Source control is disabled
[2017.03.24-14.26.46:649][  0]LogEngine: Initializing Engine...
[2017.03.24-14.26.49:183][  0]OSVRHMDLog:Warning: DisplayConfig failed to startup. This could mean that there is nothing mapped to /me/head. Treating this as if the HMD is not connected.
[2017.03.24-14.26.49:233][  0]LogHMD: Failed to initialize OpenVR with code 110
[2017.03.24-14.26.50:889][  0]LogAIModule: Creating AISystem for world Untitled
[2017.03.24-14.26.51:241][  0]LogInit: XAudio2 using 'Realtek Digital Output (Realtek Audio)' : 2 channels at 48 kHz using 16 bits per sample (channel mask 0x3)
[2017.03.24-14.26.51:650][  0]LogInit: FAudioDevice initialized.
[2017.03.24-14.26.51:689][  0]LogDerivedDataCache: Saved boot cache 0.03s 61MB C:/Users/gk7579/AppData/Local/UnrealEngine/4.14/DerivedDataCache/Boot.ddc.
[2017.03.24-14.26.51:696][  0]LogInit: Texture streaming: Enabled
[2017.03.24-14.26.52:390][  0]LogInit: Transaction tracking system initialized
[2017.03.24-14.26.53:367][  0]BlueprintLog: New page: Editor Load
[2017.03.24-14.26.56:271][  0]LocalizationService: Info Localization service is disabled
[2017.03.24-14.26.58:063][  0]LogConsoleResponse:Display: 
[2017.03.24-14.27.03:225][  0]LogFileCache: Scanning file cache for directory 'C:/Users/gk7579/Documents/Unreal Projects/AudioBlaster/Content/' took 0.03s
[2017.03.24-14.27.03:225][  0]LogCook:Display: Max memory allowance for cook 16384mb min free memory 0mb
[2017.03.24-14.27.03:240][  0]LogCook:Display: Mobile HDR setting 1
[2017.03.24-14.27.06:159][  0]SourceControl: Info Source control is disabled
[2017.03.24-14.27.06:218][  0]Cmd: MAP LOAD FILE="../../../../../../Users/gk7579/Documents/Unreal Projects/AudioBlaster/Content/StarterContent/Maps/Minimal_Default.umap" TEMPLATE=0 SHOWPROGRESS=1 FEATURELEVEL=3
[2017.03.24-14.27.06:275][  0]LightingResults: New page: Lighting Build
[2017.03.24-14.27.06:625][  0]MapCheck: New page: Map Check
[2017.03.24-14.27.06:625][  0]LightingResults: New page: Lighting Build
[2017.03.24-14.27.10:264][  0]LogAIModule: Creating AISystem for world Minimal_Default
[2017.03.24-14.27.11:261][  0]LogEditorServer: Finished looking for orphan Actors (0.000 secs)
[2017.03.24-14.27.11:352][  0]Cmd: MAP CHECKDEP NOCLEARLOG
[2017.03.24-14.27.11:418][  0]MapCheck: Info Map check complete: 0 Error(s), 0 Warning(s), took 63.599ms to complete.
[2017.03.24-14.27.11:418][  0]LogFileHelpers: Loading map 'Minimal_Default' took 5.216
[2017.03.24-14.27.12:792][  0]LogWindowsTextInputMethodSystem:Display: IME system now deactivated.
[2017.03.24-14.27.14:305][  0]LogCollectionManager: Loaded 0 collections in 0.010559 seconds
[2017.03.24-14.27.14:453][  0]LogFileCache: Scanning file cache for directory 'C:/Users/gk7579/Documents/Unreal Projects/AudioBlaster/Saved/Collections/' took 0.01s
[2017.03.24-14.27.14:453][  0]LogFileCache: Scanning file cache for directory 'C:/Users/gk7579/Documents/Unreal Projects/AudioBlaster/Content/Developers/gk7579/Collections/' took 0.01s
[2017.03.24-14.27.14:453][  0]LogFileCache: Scanning file cache for directory 'C:/Users/gk7579/Documents/Unreal Projects/AudioBlaster/Content/Collections/' took 0.01s
[2017.03.24-14.27.14:453][  0]LogCollectionManager: Rebuilt the GUID cache for 0 collections in 0.000001 seconds
[2017.03.24-14.27.14:478][  0]LogContentBrowser: Native class hierarchy populated in 0.0222 seconds. Added 2192 classes and 433 folders.
[2017.03.24-14.27.14:652][  0]LogStats: UGameplayTagsManager::ConstructGameplayTagTree: Construct from data asset -  0.000 s
[2017.03.24-14.27.14:653][  0]LogStats: UGameplayTagsManager::ConstructGameplayTagTree: GameplayTagTreeChangedEvent.Broadcast -  0.000 s
[2017.03.24-14.27.14:653][  0]LogContentBrowser: Native class hierarchy updated for 'GameplayTags' in 0.0004 seconds. Added 13 classes and 0 folders.
[2017.03.24-14.27.14:786][  0]LogContentBrowser: Native class hierarchy updated for 'WidgetCarousel' in 0.0004 seconds. Added 0 classes and 0 folders.
[2017.03.24-14.27.16:719][  0]LogContentBrowser: Native class hierarchy updated for 'AddContentDialog' in 0.0004 seconds. Added 0 classes and 0 folders.
[2017.03.24-14.27.17:228][  0]LogCrashTracker: Crashtracker disabled due to settings.
[2017.03.24-14.27.17:520][  0]LogUObjectGlobals:Warning: Failed to find object 'Class None.'
[2017.03.24-14.27.17:693][  0]LogContentBrowser: Native class hierarchy updated for 'HierarchicalLODOutliner' in 0.0004 seconds. Added 1 classes and 2 folders.
[2017.03.24-14.27.17:694][  0]LogLoad: (Engine Initialization) Total time: 151.10 seconds
[2017.03.24-14.27.17:694][  0]LogLoad: (Engine Initialization) Total Blueprint compile time: 0.93 seconds
[2017.03.24-14.27.17:712][  0]LogExternalProfiler: Found external profiler: VSPerf
[2017.03.24-14.27.17:713][  0]LogExternalProfiler: Using external profiler: VSPerf
[2017.03.24-14.27.17:848][  0]LogOcInput: OculusInput pre-init called
[2017.03.24-14.27.17:874][  0]HydraPluginLog: Attempting to startup Hydra Module
[2017.03.24-14.27.17:874][  0]HydraPluginLog: Fetching dll from C:/Users/gk7579/Documents/Unreal Projects/AudioBlaster/Plugins/hydra-ue4/Binaries/Win64/sixense_x64.dll
[2017.03.24-14.27.17:901][  0]HydraPluginLog: Hydra Available.
[2017.03.24-14.27.18:530][  0]LogContentStreaming: Texture pool size now 1000 MB
[2017.03.24-14.27.21:070][  0]LogRenderer: Reallocating scene render targets to support 1196x576 NumSamples 1 (Frame:2).
[2017.03.24-14.27.22:104][  4]LogAssetRegistry: Asset discovery search completed in 74.7420 seconds
[2017.03.24-14.27.22:105][  4]LogCollectionManager: Rebuilt the object cache for 0 collections in 0.000000 seconds (found 0 objects)
[2017.03.24-14.27.22:105][  4]LogCollectionManager: Fixed up redirectors for 0 collections in 0.000433 seconds (updated 0 objects)
[2017.03.24-14.31.48:568][650]LogWindowsTextInputMethodSystem:Display: IME system now deactivated.
[2017.03.24-14.31.48:571][650]LogWindowsTextInputMethodSystem:Display: IME system now deactivated.
[2017.03.24-14.31.49:303][651]Cmd: QUIT_EDITOR
[2017.03.24-14.31.50:162][651]HydraPluginLog: Hydra Clean shutdown.
[2017.03.24-14.31.50:171][651]LogExit: Preparing to exit.
[2017.03.24-14.31.51:540][651]LogDirectoryWatcher: A directory notification for 'C:/Users/gk7579/Documents/Unreal Projects/AudioBlaster/Content/' was aborted.
[2017.03.24-14.31.51:757][651]LogExit: Editor shut down
[2017.03.24-14.31.51:757][651]LogExit: Transaction tracking system shut down
[2017.03.24-14.31.53:770][651]LogObj: Freed 0b from 0 cluster array pools.
[2017.03.24-14.31.53:775][651]LogExit: Object subsystem successfully closed.
[2017.03.24-14.31.53:954][651]LogD3D11RHI: Shutdown
[2017.03.24-14.31.53:962][651]LogD3D11RHI: CleanupD3DDevice
[2017.03.24-14.31.54:097][651]LogD3D11RHI: ~FD3D11DynamicRHI
[2017.03.24-14.31.55:090][651]LogHttp:Display: Http module shutting down, but needs to wait on 1 outstanding Http requests:
[2017.03.24-14.31.55:090][651]LogHttp:Display: 	verb=[POST] url=[https://datarouter.ol.epicgames.com/datarouter/api/v1/public/data?SessionID=%7B39879EC6-4FEB-EC37-D35E-A2A3F84693BE%7D&AppID=UEEditor.Rocket.Release&AppVersion=4.14.3-3249277%2B%2B%2BUE4%2BRelease-4.14&UserID=ce67a1314693576504b519b7cbba562c%7C2a1e373c510845568bb5f56433c3333a%7Cd5d81617-14c2-4245-b65f-9fde1bb35aa1&AppEnvironment=datacollector-binary&UploadType=eteventstream] status=Processing
[2017.03.24-14.31.55:175][651]LogModuleManager: Shutting down and abandoning module HierarchicalLODOutliner (244)
[2017.03.24-14.31.55:186][651]LogModuleManager: Shutting down and abandoning module CrashTracker (243)
[2017.03.24-14.31.55:187][651]LogModuleManager: Shutting down and abandoning module WidgetCarousel (242)
[2017.03.24-14.31.55:187][651]LogModuleManager: Shutting down and abandoning module AddContentDialog (241)
[2017.03.24-14.31.55:212][651]LogDirectoryWatcher: A directory notification for 'C:/Program Files/Epic Games/UE_4.14/FeaturePacks/' was aborted.
[2017.03.24-14.31.55:212][651]LogModuleManager: Shutting down and abandoning module GameplayTags (240)
[2017.03.24-14.31.55:212][651]LogModuleManager: Shutting down and abandoning module EditorWidgets (239)
[2017.03.24-14.31.55:212][651]LogModuleManager: Shutting down and abandoning module CollectionManager (238)
[2017.03.24-14.31.55:228][651]LogDirectoryWatcher: A directory notification for 'C:/Users/gk7579/Documents/Unreal Projects/AudioBlaster/Content/Collections/' was aborted.
[2017.03.24-14.31.55:228][651]LogDirectoryWatcher: A directory notification for 'C:/Users/gk7579/Documents/Unreal Projects/AudioBlaster/Content/Developers/gk7579/Collections/' was aborted.
[2017.03.24-14.31.55:228][651]LogDirectoryWatcher: A directory notification for 'C:/Users/gk7579/Documents/Unreal Projects/AudioBlaster/Saved/Collections/' was aborted.
[2017.03.24-14.31.55:228][651]LogModuleManager: Shutting down and abandoning module SceneOutliner (237)
[2017.03.24-14.31.55:235][651]LogModuleManager: Shutting down and abandoning module StatsViewer (236)
[2017.03.24-14.31.55:254][651]LogModuleManager: Shutting down and abandoning module FoliageEdit (235)
[2017.03.24-14.31.55:272][651]LogModuleManager: Shutting down and abandoning module LandscapeEditor (234)
[2017.03.24-14.31.55:287][651]LogModuleManager: Shutting down and abandoning module SceneDepthPickerMode (233)
[2017.03.24-14.31.55:287][651]LogModuleManager: Shutting down and abandoning module ActorPickerMode (232)
[2017.03.24-14.31.55:287][651]LogModuleManager: Shutting down and abandoning module GeometryMode (231)
[2017.03.24-14.31.55:287][651]LogModuleManager: Shutting down and abandoning module TextureAlignMode (230)
[2017.03.24-14.31.55:287][651]LogModuleManager: Shutting down and abandoning module BspMode (229)
[2017.03.24-14.31.55:292][651]LogModuleManager: Shutting down and abandoning module HardwareSurvey (228)
[2017.03.24-14.31.55:292][651]LogModuleManager: Shutting down and abandoning module SequenceRecorderSections (227)
[2017.03.24-14.31.55:292][651]LogModuleManager: Shutting down and abandoning module AutomationWorker (226)
[2017.03.24-14.31.55:300][651]LogModuleManager: Shutting down and abandoning module MatineeToLevelSequence (225)
[2017.03.24-14.31.55:310][651]LogModuleManager: Shutting down and abandoning module PlacementMode (224)
[2017.03.24-14.31.55:322][651]LogModuleManager: Shutting down and abandoning module LevelSequenceEditor (223)
[2017.03.24-14.31.55:361][651]LogModuleManager: Shutting down and abandoning module WmfMediaFactory (222)
[2017.03.24-14.31.55:361][651]LogModuleManager: Shutting down and abandoning module WmfMediaEditor (221)
[2017.03.24-14.31.55:361][651]LogModuleManager: Shutting down and abandoning module AvfMediaFactory (220)
[2017.03.24-14.31.55:361][651]LogModuleManager: Shutting down and abandoning module AvfMediaEditor (219)
[2017.03.24-14.31.55:361][651]LogModuleManager: Shutting down and abandoning module Media (218)
[2017.03.24-14.31.55:361][651]LogModuleManager: Shutting down and abandoning module AndroidMediaFactory (217)
[2017.03.24-14.31.55:361][651]LogModuleManager: Shutting down and abandoning module AndroidMediaEditor (216)
[2017.03.24-14.31.55:361][651]LogModuleManager: Shutting down and abandoning module CharacterAI (215)
[2017.03.24-14.31.55:361][651]LogModuleManager: Shutting down and abandoning module SequenceRecorder (214)
[2017.03.24-14.31.55:463][651]LogModuleManager: Shutting down and abandoning module AudioCapture (213)
[2017.03.24-14.31.55:463][651]LogModuleManager: Shutting down and abandoning module SmartSnapping (212)
[2017.03.24-14.31.55:463][651]LogModuleManager: Shutting down and abandoning module SessionServices (211)
[2017.03.24-14.31.55:463][651]LogModuleManager: Shutting down and abandoning module ViewportSnapping (210)
[2017.03.24-14.31.55:463][651]LogModuleManager: Shutting down and abandoning module ViewportInteraction (209)
[2017.03.24-14.31.55:463][651]LogModuleManager: Shutting down and abandoning module LogVisualizer (208)
[2017.03.24-14.31.55:503][651]LogModuleManager: Shutting down and abandoning module GameProjectGeneration (207)
[2017.03.24-14.31.55:523][651]LogModuleManager: Shutting down and abandoning module IntroTutorials (206)
[2017.03.24-14.31.55:543][651]LogModuleManager: Shutting down and abandoning module EditorLiveStreaming (205)
[2017.03.24-14.31.55:543][651]LogModuleManager: Shutting down and abandoning module IOSPlatformEditor (204)
[2017.03.24-14.31.55:564][651]LogModuleManager: Shutting down and abandoning module HTML5PlatformEditor (203)
[2017.03.24-14.31.55:564][651]LogModuleManager: Shutting down and abandoning module AndroidDeviceDetection (202)
[2017.03.24-14.31.56:219][651]LogModuleManager: Shutting down and abandoning module AndroidPlatformEditor (201)
[2017.03.24-14.31.56:287][651]LogModuleManager: Shutting down and abandoning module IOSRuntimeSettings (200)
[2017.03.24-14.31.56:287][651]LogModuleManager: Shutting down and abandoning module AndroidRuntimeSettings (199)
[2017.03.24-14.31.56:287][651]LogModuleManager: Shutting down and abandoning module InputBindingEditor (198)
[2017.03.24-14.31.56:299][651]LogModuleManager: Shutting down and abandoning module NiagaraEditor (197)
[2017.03.24-14.31.56:323][651]LogModuleManager: Shutting down and abandoning module MergeActors (196)
[2017.03.24-14.31.56:343][651]LogModuleManager: Shutting down and abandoning module SizeMap (195)
[2017.03.24-14.31.56:348][651]LogModuleManager: Shutting down and abandoning module TreeMap (194)
[2017.03.24-14.31.56:367][651]LogModuleManager: Shutting down and abandoning module ReferenceViewer (193)
[2017.03.24-14.31.56:367][651]LogModuleManager: Shutting down and abandoning module LocalizationService (192)
[2017.03.24-14.31.56:377][651]LogModuleManager: Shutting down and abandoning module LocalizationDashboard (191)
[2017.03.24-14.31.56:389][651]LogModuleManager: Shutting down and abandoning module HardwareTargeting (190)
[2017.03.24-14.31.56:400][651]LogModuleManager: Shutting down and abandoning module DeviceProfileEditor (189)
[2017.03.24-14.31.56:408][651]LogModuleManager: Shutting down and abandoning module UndoHistory (188)
[2017.03.24-14.31.56:415][651]LogModuleManager: Shutting down and abandoning module UserFeedback (187)
[2017.03.24-14.31.56:415][651]LogModuleManager: Shutting down and abandoning module XmlParser (186)
[2017.03.24-14.31.56:415][651]LogModuleManager: Shutting down and abandoning module Blutility (185)
[2017.03.24-14.31.56:422][651]LogModuleManager: Shutting down and abandoning module ProjectTargetPlatformEditor (184)
[2017.03.24-14.31.56:422][651]LogModuleManager: Shutting down and abandoning module ProjectSettingsViewer (183)
[2017.03.24-14.31.56:422][651]LogModuleManager: Shutting down and abandoning module EditorSettingsViewer (182)
[2017.03.24-14.31.56:422][651]LogModuleManager: Shutting down and abandoning module SettingsEditor (181)
[2017.03.24-14.31.56:436][651]LogModuleManager: Shutting down and abandoning module ProjectLauncher (180)
[2017.03.24-14.31.56:453][651]LogModuleManager: Shutting down and abandoning module SessionFrontend (179)
[2017.03.24-14.31.56:464][651]LogModuleManager: Shutting down and abandoning module ProfilerClient (178)
[2017.03.24-14.31.56:477][651]LogModuleManager: Shutting down and abandoning module TargetDeviceServices (177)
[2017.03.24-14.31.56:485][651]LogModuleManager: Shutting down and abandoning module DeviceManager (176)
[2017.03.24-14.31.56:560][651]LogModuleManager: Shutting down and abandoning module AutomationController (175)
[2017.03.24-14.31.56:575][651]LogModuleManager: Shutting down and abandoning module AutomationWindow (174)
[2017.03.24-14.31.56:605][651]LogModuleManager: Shutting down and abandoning module Layers (173)
[2017.03.24-14.31.56:630][651]LogModuleManager: Shutting down and abandoning module ComponentVisualizers (172)
[2017.03.24-14.31.56:630][651]LogModuleManager: Shutting down and abandoning module DetailCustomizations (171)
[2017.03.24-14.31.56:644][651]LogModuleManager: Shutting down and abandoning module PackagesDialog (170)
[2017.03.24-14.31.56:654][651]LogModuleManager: Shutting down and abandoning module AnimGraph (169)
[2017.03.24-14.31.56:654][651]LogModuleManager: Shutting down and abandoning module Persona (168)
[2017.03.24-14.31.56:690][651]LogModuleManager: Shutting down and abandoning module Kismet (167)
[2017.03.24-14.31.56:705][651]LogModuleManager: Shutting down and abandoning module GraphEditor (166)
[2017.03.24-14.31.56:756][651]LogModuleManager: Shutting down and abandoning module ClassViewer (165)
[2017.03.24-14.31.56:782][651]LogModuleManager: Shutting down and abandoning module Toolbox (164)
[2017.03.24-14.31.56:791][651]LogModuleManager: Shutting down and abandoning module ModuleUI (163)
[2017.03.24-14.31.56:802][651]LogModuleManager: Shutting down and abandoning module MovieSceneTools (162)
[2017.03.24-14.31.56:818][651]LogModuleManager: Shutting down and abandoning module OutputLog (161)
[2017.03.24-14.31.56:818][651]LogModuleManager: Shutting down and abandoning module GammaUI (160)
[2017.03.24-14.31.56:829][651]LogModuleManager: Shutting down and abandoning module Documentation (159)
[2017.03.24-14.31.56:829][651]LogModuleManager: Shutting down and abandoning module Niagara (158)
[2017.03.24-14.31.56:829][651]LogModuleManager: Shutting down and abandoning module StreamingPauseRendering (157)
[2017.03.24-14.31.56:829][651]LogModuleManager: Shutting down and abandoning module AnalyticsET (156)
[2017.03.24-14.31.56:829][651]LogModuleManager: Shutting down and abandoning module PortalServices (155)
[2017.03.24-14.31.56:829][651]LogModuleManager: Shutting down and abandoning module PortalRpc (154)
[2017.03.24-14.31.56:829][651]LogModuleManager: Shutting down and abandoning module MessagingRpc (153)
[2017.03.24-14.31.56:829][651]LogModuleManager: Shutting down and abandoning module GameplayDebugger (152)
[2017.03.24-14.31.56:839][651]LogModuleManager: Shutting down and abandoning module AITestSuite (151)
[2017.03.24-14.31.56:847][651]LogModuleManager: Shutting down and abandoning module AIModule (150)
[2017.03.24-14.31.56:847][651]LogModuleManager: Shutting down and abandoning module ProfilerService (149)
[2017.03.24-14.31.56:986][651]LogModuleManager: Shutting down and abandoning module TaskGraph (148)
[2017.03.24-14.31.57:003][651]LogModuleManager: Shutting down and abandoning module SlateRemote (147)
[2017.03.24-14.31.57:003][651]LogModuleManager: Shutting down and abandoning module SteamVRController (146)
[2017.03.24-14.31.57:003][651]LogModuleManager: Shutting down and abandoning module SteamVR (145)
[2017.03.24-14.31.57:003][651]LogModuleManager: Shutting down and abandoning module ProceduralMeshComponentEditor (144)
[2017.03.24-14.31.57:014][651]LogModuleManager: Shutting down and abandoning module ProceduralMeshComponent (143)
[2017.03.24-14.31.57:028][651]LogModuleManager: Shutting down and abandoning module OculusLibrary (142)
[2017.03.24-14.31.57:028][651]LogModuleManager: Shutting down and abandoning module OculusInput (141)
[2017.03.24-14.31.57:028][651]LogModuleManager: Shutting down and abandoning module MobilePatchingUtils (140)
[2017.03.24-14.31.57:028][651]LogModuleManager: Shutting down and abandoning module CustomMeshComponent (139)
[2017.03.24-14.31.57:028][651]LogModuleManager: Shutting down and abandoning module CableComponent (138)
[2017.03.24-14.31.57:028][651]LogModuleManager: Shutting down and abandoning module ArchVisCharacter (137)
[2017.03.24-14.31.57:028][651]LogModuleManager: Shutting down and abandoning module MediaPlayerEditor (135)
[2017.03.24-14.31.57:052][651]LogModuleManager: Shutting down and abandoning module HTML5Networking (134)
[2017.03.24-14.31.57:052][651]LogModuleManager: Shutting down and abandoning module GeometryCacheEd (133)
[2017.03.24-14.31.57:052][651]LogModuleManager: Shutting down and abandoning module GeometryCache (132)
[2017.03.24-14.31.57:052][651]LogModuleManager: Shutting down and abandoning module AlembicLibrary (131)
[2017.03.24-14.31.57:064][651]LogModuleManager: Shutting down and abandoning module AlembicImporter (130)
[2017.03.24-14.31.57:069][651]LogModuleManager: Shutting down and abandoning module SuperSearch (129)
[2017.03.24-14.31.57:069][651]LogModuleManager: Shutting down and abandoning module SuperSearchEditor (128)
[2017.03.24-14.31.57:070][651]LogModuleManager: Shutting down and abandoning module SpeedTreeImporter (127)
[2017.03.24-14.31.57:070][651]LogModuleManager: Shutting down and abandoning module PluginBrowser (126)
[2017.03.24-14.31.57:084][651]LogModuleManager: Shutting down and abandoning module MobileLauncherProfileWizard (125)
[2017.03.24-14.31.57:097][651]LogModuleManager: Shutting down and abandoning module EpicSurvey (124)
[2017.03.24-14.31.57:104][651]LogModuleManager: Shutting down and abandoning module DesktopPlatform (123)
[2017.03.24-14.31.57:104][651]LogModuleManager: Shutting down and abandoning module VisualStudioSourceCodeAccess (122)
[2017.03.24-14.31.57:104][651]LogModuleManager: Shutting down and abandoning module UObjectPlugin (121)
[2017.03.24-14.31.57:104][651]LogModuleManager: Shutting down and abandoning module SubversionSourceControl (120)
[2017.03.24-14.31.57:113][651]LogModuleManager: Shutting down and abandoning module PerforceSourceControl (119)
[2017.03.24-14.31.57:127][651]LogModuleManager: Shutting down and abandoning module SourceControl (118)
[2017.03.24-14.31.57:140][651]LogModuleManager: Shutting down and abandoning module GitSourceControl (117)
[2017.03.24-14.31.57:146][651]LogModuleManager: Shutting down and abandoning module LightPropagationVolumeEditor (116)
[2017.03.24-14.31.57:146][651]LogModuleManager: Shutting down and abandoning module PaperTiledImporter (115)
[2017.03.24-14.31.57:152][651]LogModuleManager: Shutting down and abandoning module PaperSpriteSheetImporter (114)
[2017.03.24-14.31.57:152][651]LogModuleManager: Shutting down and abandoning module MeshPaint (113)
[2017.03.24-14.31.57:152][651]LogModuleManager: Shutting down and abandoning module PixelInspectorModule (112)
[2017.03.24-14.31.57:157][651]LogModuleManager: Shutting down and abandoning module HotReload (111)
[2017.03.24-14.31.57:158][651]LogModuleManager: Shutting down and abandoning module MainFrame (110)
[2017.03.24-14.31.57:158][651]LogModuleManager: Shutting down and abandoning module LevelEditor (109)
[2017.03.24-14.31.57:172][651]LogModuleManager: Shutting down and abandoning module ContentBrowser (108)
[2017.03.24-14.31.57:172][651]LogModuleManager: Shutting down and abandoning module Paper2DEditor (107)
[2017.03.24-14.31.57:191][651]LogModuleManager: Shutting down and abandoning module UdpMessaging (106)
[2017.03.24-14.31.57:292][651]LogModuleManager: Shutting down and abandoning module TcpMessaging (105)
[2017.03.24-14.31.57:408][651]LogModuleManager: Shutting down and abandoning module OSVRInput (104)
[2017.03.24-14.31.57:436][651]LogModuleManager: Shutting down and abandoning module OSVR (103)
[2017.03.24-14.31.57:449][651]LogModuleManager: Shutting down and abandoning module LightPropagationVolumeRuntime (102)
[2017.03.24-14.31.57:449][651]LogModuleManager: Shutting down and abandoning module Paper2D (101)
[2017.03.24-14.31.57:457][651]LogModuleManager: Shutting down and abandoning module WindowsMoviePlayer (100)
[2017.03.24-14.31.57:457][651]LogModuleManager: Shutting down and abandoning module WmfMedia (99)
[2017.03.24-14.31.57:465][651]LogModuleManager: Shutting down and abandoning module MediaAssets (98)
[2017.03.24-14.31.57:465][651]LogModuleManager: Shutting down and abandoning module GameLiveStreaming (97)
[2017.03.24-14.31.57:465][651]LogModuleManager: Shutting down and abandoning module GameplayTagsEditor (96)
[2017.03.24-14.31.57:465][651]LogModuleManager: Shutting down and abandoning module VREditor (95)
[2017.03.24-14.31.57:466][651]LogModuleManager: Shutting down and abandoning module GameplayTasksEditor (94)
[2017.03.24-14.31.57:466][651]LogModuleManager: Shutting down and abandoning module BehaviorTreeEditor (93)
[2017.03.24-14.31.57:488][651]LogModuleManager: Shutting down and abandoning module FunctionalTesting (92)
[2017.03.24-14.31.57:497][651]LogModuleManager: Shutting down and abandoning module CollisionAnalyzer (91)
[2017.03.24-14.31.57:536][651]LogModuleManager: Shutting down and abandoning module Sequencer (90)
[2017.03.24-14.31.57:565][651]LogModuleManager: Shutting down and abandoning module WorkspaceMenuStructure (89)
[2017.03.24-14.31.57:565][651]LogModuleManager: Shutting down and abandoning module MessageLog (88)
[2017.03.24-14.31.57:581][651]LogModuleManager: Shutting down and abandoning module AssetTools (87)
[2017.03.24-14.31.57:637][651]LogModuleManager: Shutting down and abandoning module UMGEditor (86)
[2017.03.24-14.31.57:664][651]LogModuleManager: Shutting down and abandoning module UMG (85)
[2017.03.24-14.31.57:683][651]LogModuleManager: Shutting down and abandoning module SlateReflector (84)
[2017.03.24-14.31.57:703][651]LogModuleManager: Shutting down and abandoning module Slate (83)
[2017.03.24-14.31.57:703][651]LogModuleManager: Shutting down and abandoning module EditorStyle (82)
[2017.03.24-14.31.57:705][651]LogModuleManager: Shutting down and abandoning module SourceCodeAccess (81)
[2017.03.24-14.31.57:705][651]LogModuleManager: Shutting down and abandoning module HeadMountedDisplay (80)
[2017.03.24-14.31.57:705][651]LogModuleManager: Shutting down and abandoning module XAudio2 (79)
[2017.03.24-14.31.57:705][651]LogModuleManager: Shutting down and abandoning module Networking (77)
[2017.03.24-14.31.57:705][651]LogModuleManager: Shutting down and abandoning module Core (76)
[2017.03.24-14.31.57:705][651]LogModuleManager: Shutting down and abandoning module DirectoryWatcher (75)
[2017.03.24-14.31.57:705][651]LogDirectoryWatcher: A directory notification for '../../../Engine/Content/' was aborted.
[2017.03.24-14.31.57:705][651]LogDirectoryWatcher: A directory notification for '../../../../../../Users/gk7579/Documents/Unreal Projects/AudioBlaster/Content/' was aborted.
[2017.03.24-14.31.57:705][651]LogDirectoryWatcher: A directory notification for '../../../Engine/Plugins/2D/Paper2D/Content/' was aborted.
[2017.03.24-14.31.57:705][651]LogModuleManager: Shutting down and abandoning module AssetRegistry (74)
[2017.03.24-14.31.57:924][651]LogModuleManager: Shutting down and abandoning module KismetCompiler (73)
[2017.03.24-14.31.57:924][651]LogModuleManager: Shutting down and abandoning module PhysXFormats (72)
[2017.03.24-14.31.57:924][651]LogModuleManager: Shutting down and abandoning module SimplygonSwarm (71)
[2017.03.24-14.31.57:993][651]LogModuleManager: Shutting down and abandoning module SimplygonMeshReduction (70)
[2017.03.24-14.31.58:009][651]LogModuleManager: Shutting down and abandoning module QuadricMeshReduction (69)
[2017.03.24-14.31.58:009][651]LogModuleManager: Shutting down and abandoning module PropertyEditor (68)
[2017.03.24-14.31.58:030][651]LogModuleManager: Shutting down and abandoning module MeshUtilities (67)
[2017.03.24-14.31.58:065][651]LogModuleManager: Shutting down and abandoning module DerivedDataCache (66)
[2017.03.24-14.31.58:172][651]LogDerivedDataCache: Shutdown
[2017.03.24-14.31.58:172][651]LogModuleManager: Shutting down and abandoning module VulkanShaderFormat (65)
[2017.03.24-14.31.58:182][651]LogModuleManager: Shutting down and abandoning module ShaderFormatOpenGL (64)
[2017.03.24-14.31.58:190][651]LogModuleManager: Shutting down and abandoning module ShaderFormatD3D (63)
[2017.03.24-14.31.58:190][651]LogModuleManager: Shutting down and abandoning module MetalShaderFormat (62)
[2017.03.24-14.31.58:198][651]LogModuleManager: Shutting down and abandoning module TextureFormatUncompressed (61)
[2017.03.24-14.31.58:198][651]LogModuleManager: Shutting down and abandoning module TextureFormatPVR (60)
[2017.03.24-14.31.58:198][651]LogModuleManager: Shutting down and abandoning module TextureFormatDXT (59)
[2017.03.24-14.31.58:198][651]LogModuleManager: Shutting down and abandoning module TextureFormatIntelISPCTexComp (58)
[2017.03.24-14.31.58:205][651]LogModuleManager: Shutting down and abandoning module ImageWrapper (57)
[2017.03.24-14.31.58:205][651]LogModuleManager: Shutting down and abandoning module TextureFormatASTC (56)
[2017.03.24-14.31.58:205][651]LogModuleManager: Shutting down and abandoning module TextureFormatAndroid (55)
[2017.03.24-14.31.58:205][651]LogModuleManager: Shutting down and abandoning module AudioFormatOpus (54)
[2017.03.24-14.31.58:217][651]LogModuleManager: Shutting down and abandoning module AudioFormatOgg (53)
[2017.03.24-14.31.58:217][651]LogModuleManager: Shutting down and abandoning module AudioFormatADPCM (52)
[2017.03.24-14.31.58:217][651]LogModuleManager: Shutting down and abandoning module LinuxTargetPlatform (51)
[2017.03.24-14.31.58:217][651]LogModuleManager: Shutting down and abandoning module LinuxServerTargetPlatform (50)
[2017.03.24-14.31.58:217][651]LogModuleManager: Shutting down and abandoning module LinuxNoEditorTargetPlatform (49)
[2017.03.24-14.31.58:217][651]LogModuleManager: Shutting down and abandoning module LinuxClientTargetPlatform (48)
[2017.03.24-14.31.58:217][651]LogModuleManager: Shutting down and abandoning module TVOSTargetPlatform (47)
[2017.03.24-14.31.58:217][651]LogModuleManager: Shutting down and abandoning module Messaging (46)
[2017.03.24-14.31.58:217][651]LogModuleManager: Shutting down and abandoning module IOSTargetPlatform (45)
[2017.03.24-14.31.58:217][651]LogModuleManager: Shutting down and abandoning module HTML5TargetPlatform (44)
[2017.03.24-14.31.58:217][651]LogModuleManager: Shutting down and abandoning module Android_PVRTCTargetPlatform (43)
[2017.03.24-14.31.58:217][651]LogModuleManager: Shutting down and abandoning module Android_MultiTargetPlatform (42)
[2017.03.24-14.31.58:217][651]LogModuleManager: Shutting down and abandoning module Android_ETC2TargetPlatform (41)
[2017.03.24-14.31.58:217][651]LogModuleManager: Shutting down and abandoning module Android_ETC1TargetPlatform (40)
[2017.03.24-14.31.58:217][651]LogModuleManager: Shutting down and abandoning module Android_DXTTargetPlatform (39)
[2017.03.24-14.31.58:217][651]LogModuleManager: Shutting down and abandoning module Android_ATCTargetPlatform (38)
[2017.03.24-14.31.58:217][651]LogModuleManager: Shutting down and abandoning module Android_ASTCTargetPlatform (37)
[2017.03.24-14.31.58:217][651]LogModuleManager: Shutting down and abandoning module AndroidTargetPlatform (36)
[2017.03.24-14.31.58:217][651]LogModuleManager: Shutting down and abandoning module WindowsTargetPlatform (35)
[2017.03.24-14.31.58:217][651]LogModuleManager: Shutting down and abandoning module WindowsServerTargetPlatform (34)
[2017.03.24-14.31.58:217][651]LogModuleManager: Shutting down and abandoning module WindowsNoEditorTargetPlatform (33)
[2017.03.24-14.31.58:217][651]LogModuleManager: Shutting down and abandoning module WindowsClientTargetPlatform (32)
[2017.03.24-14.31.58:217][651]LogModuleManager: Shutting down and abandoning module MacTargetPlatform (31)
[2017.03.24-14.31.58:217][651]LogModuleManager: Shutting down and abandoning module MacServerTargetPlatform (30)
[2017.03.24-14.31.58:217][651]LogModuleManager: Shutting down and abandoning module MacNoEditorTargetPlatform (29)
[2017.03.24-14.31.58:217][651]LogModuleManager: Shutting down and abandoning module MacClientTargetPlatform (28)
[2017.03.24-14.31.58:217][651]LogModuleManager: Shutting down and abandoning module AllDesktopTargetPlatform (27)
[2017.03.24-14.31.58:217][651]LogModuleManager: Shutting down and abandoning module TargetPlatform (26)
[2017.03.24-14.31.58:217][651]LogModuleManager: Shutting down and abandoning module InputCore (25)
[2017.03.24-14.31.58:217][651]LogModuleManager: Shutting down and abandoning module Settings (24)
[2017.03.24-14.31.58:217][651]LogModuleManager: Shutting down and abandoning module HydraPlugin (23)
[2017.03.24-14.31.58:217][651]LogModuleManager: Shutting down and abandoning module OculusRift (22)
[2017.03.24-14.31.58:224][651]LogModuleManager: Shutting down and abandoning module ExampleDeviceProfileSelector (21)
[2017.03.24-14.31.58:224][651]LogModuleManager: Shutting down and abandoning module OnlineBlueprintSupport (20)
[2017.03.24-14.31.58:224][651]LogModuleManager: Shutting down and abandoning module OnlineSubsystem (18)
[2017.03.24-14.31.58:224][651]LogOnline:Display: Unloading online subsystem: NULL
[2017.03.24-14.31.58:238][651]LogModuleManager: Shutting down and abandoning module SSL (17)
[2017.03.24-14.31.58:249][651]LogModuleManager: Shutting down and abandoning module HTTP (16)
[2017.03.24-14.31.58:249][651]LogModuleManager: Shutting down and abandoning module XMPP (15)
[2017.03.24-14.31.58:274][651]LogModuleManager: Shutting down and abandoning module TextureCompressor (14)
[2017.03.24-14.31.58:280][651]LogModuleManager: Shutting down and abandoning module ShaderCore (13)
[2017.03.24-14.31.58:280][651]LogModuleManager: Shutting down and abandoning module Landscape (12)
[2017.03.24-14.31.58:280][651]LogModuleManager: Shutting down and abandoning module SlateRHIRenderer (11)
[2017.03.24-14.31.58:305][651]LogModuleManager: Shutting down and abandoning module OpenGLDrv (10)
[2017.03.24-14.31.58:314][651]LogModuleManager: Shutting down and abandoning module D3D11RHI (9)
[2017.03.24-14.31.58:314][651]LogModuleManager: Shutting down and abandoning module AnimGraphRuntime (8)
[2017.03.24-14.31.58:325][651]LogModuleManager: Shutting down and abandoning module Renderer (7)
[2017.03.24-14.31.58:335][651]LogModuleManager: Shutting down and abandoning module Engine (6)
[2017.03.24-14.31.58:335][651]LogModuleManager: Shutting down and abandoning module CoreUObject (5)
[2017.03.24-14.31.58:335][651]LogModuleManager: Shutting down and abandoning module NetworkFile (4)
[2017.03.24-14.31.58:344][651]LogModuleManager: Shutting down and abandoning module StreamingFile (3)
[2017.03.24-14.31.58:350][651]LogModuleManager: Shutting down and abandoning module SandboxFile (2)
[2017.03.24-14.31.58:360][651]LogModuleManager: Shutting down and abandoning module PakFile (1)
[2017.03.24-14.31.58:374][651]LogExit: Exiting.
[2017.03.24-14.31.58:380][651]Log file closed, 03/24/17 10:31:58
